<?xml version="1.0" encoding="UTF-8"?>
<!-- Generated by org.testng.reporters.JUnitXMLReporter -->
<testsuite ignored="0" hostname="DESKTOP-Q1JCOAI" failures="0" tests="4" name="VirginMoney Test" time="44.968" errors="0" timestamp="20 Jul 2019 10:29:15 GMT">
  <testcase classname="MyRunner.TestRunner" name="feature" time="0.265"/>
  <testcase classname="CucumberTest.CucumberTest.TestCase2" name="testCase1" time="26.186"/>
  <testcase classname="CucumberTest.CucumberTest.TestCase1" name="testCase1" time="26.257"/>
  <testcase classname="MyRunner.TestRunner" name="feature" time="43.836"/>
</testsuite> <!-- VirginMoney Test -->
