<?xml version="1.0" encoding="UTF-8"?>
<!-- Generated by org.testng.reporters.JUnitXMLReporter -->
<testsuite hostname="DTW8-056278" ignored="0" name="FREE CRM Test" tests="3" failures="0" timestamp="18 Jul 2019 12:35:58 GMT" time="43.119" errors="0">
  <testcase name="feature" time="0.15" classname="MyRunner.TestRunner"/>
  <testcase name="testCase1" time="24.62" classname="CucumberTest.CucumberTest.TestCase1"/>
  <testcase name="feature" time="42.458" classname="MyRunner.TestRunner"/>
</testsuite> <!-- FREE CRM Test -->
