<?xml version="1.0" encoding="UTF-8"?>
<testng-results ignored="0" total="4" passed="4" failed="0" skipped="0">
  <reporter-output>
  </reporter-output>
  <suite started-at="2019-07-20T10:28:30Z" name="BDD Test Suite - Vasu" finished-at="2019-07-20T10:29:15Z" duration-ms="44968">
    <groups>
      <group name="cucumber">
        <method signature="TestRunner.feature(cucumber.api.testng.CucumberFeatureWrapper)[pri:0, instance:MyRunner.TestRunner@13c8ac77]" name="feature" class="MyRunner.TestRunner"/>
      </group> <!-- cucumber -->
    </groups>
    <test started-at="2019-07-20T10:28:30Z" name="VirginMoney Test" finished-at="2019-07-20T10:29:15Z" duration-ms="44968">
      <class name="MyRunner.TestRunner">
        <test-method is-config="true" signature="setUpClass()[pri:0, instance:MyRunner.TestRunner@13c8ac77]" started-at="2019-07-20T10:28:30Z" name="setUpClass" finished-at="2019-07-20T10:28:30Z" duration-ms="471" status="PASS">
          <reporter-output>
          </reporter-output>
        </test-method> <!-- setUpClass -->
        <test-method signature="feature(cucumber.api.testng.CucumberFeatureWrapper)[pri:0, instance:MyRunner.TestRunner@13c8ac77]" started-at="2019-07-20T10:28:30Z" name="feature" description="Runs Cucumber Feature" data-provider="features" finished-at="2019-07-20T10:28:31Z" duration-ms="265" status="PASS">
          <params>
            <param index="0">
              <value>
                <![CDATA[feature2 Feature]]>
              </value>
            </param>
          </params>
          <reporter-output>
          </reporter-output>
        </test-method> <!-- feature -->
        <test-method signature="feature(cucumber.api.testng.CucumberFeatureWrapper)[pri:0, instance:MyRunner.TestRunner@13c8ac77]" started-at="2019-07-20T10:28:31Z" name="feature" description="Runs Cucumber Feature" data-provider="features" finished-at="2019-07-20T10:29:14Z" duration-ms="43836" status="PASS">
          <params>
            <param index="0">
              <value>
                <![CDATA[UKVirgin Money application]]>
              </value>
            </param>
          </params>
          <reporter-output>
          </reporter-output>
        </test-method> <!-- feature -->
        <test-method is-config="true" signature="tearDownClass()[pri:0, instance:MyRunner.TestRunner@13c8ac77]" started-at="2019-07-20T10:29:14Z" name="tearDownClass" finished-at="2019-07-20T10:29:15Z" duration-ms="166" status="PASS">
          <reporter-output>
          </reporter-output>
        </test-method> <!-- tearDownClass -->
      </class> <!-- MyRunner.TestRunner -->
      <class name="CucumberTest.CucumberTest.TestCase2">
        <test-method is-config="true" signature="setUp()[pri:0, instance:CucumberTest.CucumberTest.TestCase2@4cad79bc]" started-at="2019-07-20T10:28:30Z" name="setUp" finished-at="2019-07-20T10:28:37Z" duration-ms="7659" status="PASS">
          <reporter-output>
          </reporter-output>
        </test-method> <!-- setUp -->
        <test-method signature="testCase1()[pri:0, instance:CucumberTest.CucumberTest.TestCase2@4cad79bc]" started-at="2019-07-20T10:28:37Z" name="testCase1" finished-at="2019-07-20T10:29:03Z" duration-ms="26186" status="PASS">
          <reporter-output>
          </reporter-output>
        </test-method> <!-- testCase1 -->
        <test-method is-config="true" signature="tearDown()[pri:0, instance:CucumberTest.CucumberTest.TestCase2@4cad79bc]" started-at="2019-07-20T10:29:03Z" name="tearDown" finished-at="2019-07-20T10:29:04Z" duration-ms="84" status="PASS">
          <reporter-output>
          </reporter-output>
        </test-method> <!-- tearDown -->
      </class> <!-- CucumberTest.CucumberTest.TestCase2 -->
      <class name="CucumberTest.CucumberTest.TestCase1">
        <test-method is-config="true" signature="setUp()[pri:0, instance:CucumberTest.CucumberTest.TestCase1@4bdf]" started-at="2019-07-20T10:28:30Z" name="setUp" finished-at="2019-07-20T10:28:38Z" duration-ms="8216" status="PASS">
          <reporter-output>
          </reporter-output>
        </test-method> <!-- setUp -->
        <test-method signature="testCase1()[pri:0, instance:CucumberTest.CucumberTest.TestCase1@4bdf]" started-at="2019-07-20T10:28:38Z" name="testCase1" finished-at="2019-07-20T10:29:04Z" duration-ms="26257" status="PASS">
          <reporter-output>
          </reporter-output>
        </test-method> <!-- testCase1 -->
        <test-method is-config="true" signature="tearDown()[pri:0, instance:CucumberTest.CucumberTest.TestCase1@4bdf]" started-at="2019-07-20T10:29:04Z" name="tearDown" finished-at="2019-07-20T10:29:04Z" duration-ms="75" status="PASS">
          <reporter-output>
          </reporter-output>
        </test-method> <!-- tearDown -->
      </class> <!-- CucumberTest.CucumberTest.TestCase1 -->
    </test> <!-- VirginMoney Test -->
  </suite> <!-- BDD Test Suite - Vasu -->
</testng-results>
